PHP Notice:  Undefined index: environment in /var/www/html/image_gallery/src/gallery/create_gallery.php on line 2
PHP Stack trace:
PHP   1. {main}() /var/www/html/image_gallery/src/gallery/create_gallery.php:0
creating galleriesstring(40) "{"gallery":true,"images":true,"id":1324}"
string(40) "{"gallery":true,"images":true,"id":1325}"
string(40) "{"gallery":true,"images":true,"id":1326}"
string(40) "{"gallery":true,"images":true,"id":1327}"
string(40) "{"gallery":true,"images":true,"id":1328}"
string(40) "{"gallery":true,"images":true,"id":1329}"
string(40) "{"gallery":true,"images":true,"id":1330}"
string(40) "{"gallery":true,"images":true,"id":1331}"
string(40) "{"gallery":true,"images":true,"id":1332}"
string(40) "{"gallery":true,"images":true,"id":1333}"
string(40) "{"gallery":true,"images":true,"id":1334}"
string(40) "{"gallery":true,"images":true,"id":1335}"
string(40) "{"gallery":true,"images":true,"id":1336}"
string(40) "{"gallery":true,"images":true,"id":1337}"
string(40) "{"gallery":true,"images":true,"id":1338}"
string(40) "{"gallery":true,"images":true,"id":1339}"
string(40) "{"gallery":true,"images":true,"id":1340}"
string(40) "{"gallery":true,"images":true,"id":1341}"
string(40) "{"gallery":true,"images":true,"id":1342}"
string(40) "{"gallery":true,"images":true,"id":1343}"
string(40) "{"gallery":true,"images":true,"id":1344}"
string(40) "{"gallery":true,"images":true,"id":1345}"
string(40) "{"gallery":true,"images":true,"id":1346}"
string(40) "{"gallery":true,"images":true,"id":1347}"
string(40) "{"gallery":true,"images":true,"id":1348}"
string(40) "{"gallery":true,"images":true,"id":1349}"
string(40) "{"gallery":true,"images":true,"id":1350}"
string(40) "{"gallery":true,"images":true,"id":1351}"
string(40) "{"gallery":true,"images":true,"id":1352}"
string(40) "{"gallery":true,"images":true,"id":1353}"
string(40) "{"gallery":true,"images":true,"id":1354}"
string(40) "{"gallery":true,"images":true,"id":1355}"
string(40) "{"gallery":true,"images":true,"id":1356}"
string(40) "{"gallery":true,"images":true,"id":1357}"
string(40) "{"gallery":true,"images":true,"id":1358}"
string(40) "{"gallery":true,"images":true,"id":1359}"
string(40) "{"gallery":true,"images":true,"id":1360}"
string(40) "{"gallery":true,"images":true,"id":1361}"
string(25) ""Undefined offset: 24528""
string(40) "{"gallery":true,"images":true,"id":1362}"
string(40) "{"gallery":true,"images":true,"id":1363}"
string(40) "{"gallery":true,"images":true,"id":1364}"
string(40) "{"gallery":true,"images":true,"id":1365}"
string(40) "{"gallery":true,"images":true,"id":1366}"
string(40) "{"gallery":true,"images":true,"id":1367}"
string(40) "{"gallery":true,"images":true,"id":1368}"
string(40) "{"gallery":true,"images":true,"id":1369}"
string(40) "{"gallery":true,"images":true,"id":1370}"
string(40) "{"gallery":true,"images":true,"id":1371}"
string(40) "{"gallery":true,"images":true,"id":1372}"
string(40) "{"gallery":true,"images":true,"id":1373}"
string(40) "{"gallery":true,"images":true,"id":1374}"
string(40) "{"gallery":true,"images":true,"id":1375}"
string(40) "{"gallery":true,"images":true,"id":1376}"
string(40) "{"gallery":true,"images":true,"id":1377}"
string(40) "{"gallery":true,"images":true,"id":1378}"
string(40) "{"gallery":true,"images":true,"id":1379}"
string(40) "{"gallery":true,"images":true,"id":1380}"
string(40) "{"gallery":true,"images":true,"id":1381}"
string(40) "{"gallery":true,"images":true,"id":1382}"
string(40) "{"gallery":true,"images":true,"id":1383}"
string(40) "{"gallery":true,"images":true,"id":1384}"
string(40) "{"gallery":true,"images":true,"id":1385}"
string(40) "{"gallery":true,"images":true,"id":1386}"
string(40) "{"gallery":true,"images":true,"id":1387}"
string(40) "{"gallery":true,"images":true,"id":1388}"
string(40) "{"gallery":true,"images":true,"id":1389}"
string(40) "{"gallery":true,"images":true,"id":1390}"
string(40) "{"gallery":true,"images":true,"id":1391}"
string(40) "{"gallery":true,"images":true,"id":1392}"
string(40) "{"gallery":true,"images":true,"id":1393}"
string(40) "{"gallery":true,"images":true,"id":1394}"
string(40) "{"gallery":true,"images":true,"id":1395}"
string(40) "{"gallery":true,"images":true,"id":1396}"
string(40) "{"gallery":true,"images":true,"id":1397}"
string(40) "{"gallery":true,"images":true,"id":1398}"
string(40) "{"gallery":true,"images":true,"id":1399}"
string(40) "{"gallery":true,"images":true,"id":1400}"
string(40) "{"gallery":true,"images":true,"id":1401}"
string(40) "{"gallery":true,"images":true,"id":1402}"
string(40) "{"gallery":true,"images":true,"id":1403}"
string(40) "{"gallery":true,"images":true,"id":1404}"
string(40) "{"gallery":true,"images":true,"id":1405}"
string(40) "{"gallery":true,"images":true,"id":1406}"
string(40) "{"gallery":true,"images":true,"id":1407}"
string(40) "{"gallery":true,"images":true,"id":1408}"
string(40) "{"gallery":true,"images":true,"id":1409}"
string(40) "{"gallery":true,"images":true,"id":1410}"
string(40) "{"gallery":true,"images":true,"id":1411}"
string(40) "{"gallery":true,"images":true,"id":1412}"
string(40) "{"gallery":true,"images":true,"id":1413}"
string(40) "{"gallery":true,"images":true,"id":1414}"
string(40) "{"gallery":true,"images":true,"id":1415}"
string(40) "{"gallery":true,"images":true,"id":1416}"
string(40) "{"gallery":true,"images":true,"id":1417}"
string(40) "{"gallery":true,"images":true,"id":1418}"
string(40) "{"gallery":true,"images":true,"id":1419}"
string(40) "{"gallery":true,"images":true,"id":1420}"
string(25) ""Undefined offset: 24468""
string(25) ""Undefined offset: 24467""
string(25) ""Undefined offset: 24466""
string(25) ""Undefined offset: 24465""
string(40) "{"gallery":true,"images":true,"id":1421}"
string(40) "{"gallery":true,"images":true,"id":1422}"
string(40) "{"gallery":true,"images":true,"id":1423}"
string(40) "{"gallery":true,"images":true,"id":1424}"
string(40) "{"gallery":true,"images":true,"id":1425}"
string(40) "{"gallery":true,"images":true,"id":1426}"
string(40) "{"gallery":true,"images":true,"id":1427}"
string(40) "{"gallery":true,"images":true,"id":1428}"
string(40) "{"gallery":true,"images":true,"id":1429}"
string(40) "{"gallery":true,"images":true,"id":1430}"
string(40) "{"gallery":true,"images":true,"id":1431}"
string(40) "{"gallery":true,"images":true,"id":1432}"
string(40) "{"gallery":true,"images":true,"id":1433}"
string(40) "{"gallery":true,"images":true,"id":1434}"
string(40) "{"gallery":true,"images":true,"id":1435}"
string(40) "{"gallery":true,"images":true,"id":1436}"
string(40) "{"gallery":true,"images":true,"id":1437}"
string(40) "{"gallery":true,"images":true,"id":1438}"
string(40) "{"gallery":true,"images":true,"id":1439}"
string(40) "{"gallery":true,"images":true,"id":1440}"
string(40) "{"gallery":true,"images":true,"id":1441}"
string(40) "{"gallery":true,"images":true,"id":1442}"
string(40) "{"gallery":true,"images":true,"id":1443}"
string(40) "{"gallery":true,"images":true,"id":1444}"
string(40) "{"gallery":true,"images":true,"id":1445}"
string(40) "{"gallery":true,"images":true,"id":1446}"
string(40) "{"gallery":true,"images":true,"id":1447}"
string(25) ""Undefined offset: 24437""
string(40) "{"gallery":true,"images":true,"id":1448}"
string(40) "{"gallery":true,"images":true,"id":1449}"
string(40) "{"gallery":true,"images":true,"id":1450}"
string(40) "{"gallery":true,"images":true,"id":1451}"
string(40) "{"gallery":true,"images":true,"id":1452}"
string(40) "{"gallery":true,"images":true,"id":1453}"
string(40) "{"gallery":true,"images":true,"id":1454}"
string(40) "{"gallery":true,"images":true,"id":1455}"
string(40) "{"gallery":true,"images":true,"id":1456}"
string(25) ""Undefined offset: 24427""
string(40) "{"gallery":true,"images":true,"id":1457}"
string(40) "{"gallery":true,"images":true,"id":1458}"
string(25) ""Undefined offset: 24424""
string(25) ""Undefined offset: 24423""
string(25) ""Undefined offset: 24422""
string(40) "{"gallery":true,"images":true,"id":1459}"
string(40) "{"gallery":true,"images":true,"id":1460}"
string(25) ""Undefined offset: 24419""
string(25) ""Undefined offset: 24418""
string(40) "{"gallery":true,"images":true,"id":1461}"
string(40) "{"gallery":true,"images":true,"id":1462}"
string(40) "{"gallery":true,"images":true,"id":1463}"
string(40) "{"gallery":true,"images":true,"id":1464}"
string(40) "{"gallery":true,"images":true,"id":1465}"
string(40) "{"gallery":true,"images":true,"id":1466}"
string(40) "{"gallery":true,"images":true,"id":1467}"
string(40) "{"gallery":true,"images":true,"id":1468}"
string(40) "{"gallery":true,"images":true,"id":1469}"
string(40) "{"gallery":true,"images":true,"id":1470}"
string(40) "{"gallery":true,"images":true,"id":1471}"
string(40) "{"gallery":true,"images":true,"id":1472}"
string(40) "{"gallery":true,"images":true,"id":1473}"
string(40) "{"gallery":true,"images":true,"id":1474}"
string(40) "{"gallery":true,"images":true,"id":1475}"
string(40) "{"gallery":true,"images":true,"id":1476}"
string(40) "{"gallery":true,"images":true,"id":1477}"
string(40) "{"gallery":true,"images":true,"id":1478}"
string(40) "{"gallery":true,"images":true,"id":1479}"
string(40) "{"gallery":true,"images":true,"id":1480}"
string(40) "{"gallery":true,"images":true,"id":1481}"
string(40) "{"gallery":true,"images":true,"id":1482}"
string(40) "{"gallery":true,"images":true,"id":1483}"
string(40) "{"gallery":true,"images":true,"id":1484}"
string(40) "{"gallery":true,"images":true,"id":1485}"
string(40) "{"gallery":true,"images":true,"id":1486}"
string(40) "{"gallery":true,"images":true,"id":1487}"
string(40) "{"gallery":true,"images":true,"id":1488}"
string(40) "{"gallery":true,"images":true,"id":1489}"
string(40) "{"gallery":true,"images":true,"id":1490}"
string(25) ""Undefined offset: 24387""
string(40) "{"gallery":true,"images":true,"id":1491}"
string(25) ""Undefined offset: 24385""
string(40) "{"gallery":true,"images":true,"id":1492}"
string(40) "{"gallery":true,"images":true,"id":1493}"
string(40) "{"gallery":true,"images":true,"id":1494}"
string(40) "{"gallery":true,"images":true,"id":1495}"
string(40) "{"gallery":true,"images":true,"id":1496}"
string(40) "{"gallery":true,"images":true,"id":1497}"
string(40) "{"gallery":true,"images":true,"id":1498}"
string(40) "{"gallery":true,"images":true,"id":1499}"
string(40) "{"gallery":true,"images":true,"id":1500}"
string(40) "{"gallery":true,"images":true,"id":1501}"
string(40) "{"gallery":true,"images":true,"id":1502}"
string(40) "{"gallery":true,"images":true,"id":1503}"
string(40) "{"gallery":true,"images":true,"id":1504}"
string(40) "{"gallery":true,"images":true,"id":1505}"
string(40) "{"gallery":true,"images":true,"id":1506}"
string(40) "{"gallery":true,"images":true,"id":1507}"
string(40) "{"gallery":true,"images":true,"id":1508}"
string(40) "{"gallery":true,"images":true,"id":1509}"
string(25) ""Undefined offset: 24366""
string(40) "{"gallery":true,"images":true,"id":1510}"
string(40) "{"gallery":true,"images":true,"id":1511}"
string(25) ""Undefined offset: 24363""
string(25) ""Undefined offset: 24362""
string(40) "{"gallery":true,"images":true,"id":1512}"
string(25) ""Undefined offset: 24360""
string(40) "{"gallery":true,"images":true,"id":1513}"
string(40) "{"gallery":true,"images":true,"id":1514}"
string(40) "{"gallery":true,"images":true,"id":1515}"
string(25) ""Undefined offset: 24356""
string(40) "{"gallery":true,"images":true,"id":1516}"
string(40) "{"gallery":true,"images":true,"id":1517}"
string(40) "{"gallery":true,"images":true,"id":1518}"
string(40) "{"gallery":true,"images":true,"id":1519}"
string(40) "{"gallery":true,"images":true,"id":1520}"
string(40) "{"gallery":true,"images":true,"id":1521}"
string(40) "{"gallery":true,"images":true,"id":1522}"
string(40) "{"gallery":true,"images":true,"id":1523}"
string(40) "{"gallery":true,"images":true,"id":1524}"
string(40) "{"gallery":true,"images":true,"id":1525}"
string(40) "{"gallery":true,"images":true,"id":1526}"
string(40) "{"gallery":true,"images":true,"id":1527}"
string(40) "{"gallery":true,"images":true,"id":1528}"
string(40) "{"gallery":true,"images":true,"id":1529}"
string(40) "{"gallery":true,"images":true,"id":1530}"
string(40) "{"gallery":true,"images":true,"id":1531}"
string(40) "{"gallery":true,"images":true,"id":1532}"
string(40) "{"gallery":true,"images":true,"id":1533}"
string(40) "{"gallery":true,"images":true,"id":1534}"
string(40) "{"gallery":true,"images":true,"id":1535}"
string(40) "{"gallery":true,"images":true,"id":1536}"
string(25) ""Undefined offset: 24334""
string(40) "{"gallery":true,"images":true,"id":1537}"
string(40) "{"gallery":true,"images":true,"id":1538}"
string(40) "{"gallery":true,"images":true,"id":1539}"
string(40) "{"gallery":true,"images":true,"id":1540}"
string(40) "{"gallery":true,"images":true,"id":1541}"
string(40) "{"gallery":true,"images":true,"id":1542}"
string(40) "{"gallery":true,"images":true,"id":1543}"
string(40) "{"gallery":true,"images":true,"id":1544}"
string(40) "{"gallery":true,"images":true,"id":1545}"
string(40) "{"gallery":true,"images":true,"id":1546}"
string(40) "{"gallery":true,"images":true,"id":1547}"
string(40) "{"gallery":true,"images":true,"id":1548}"
string(40) "{"gallery":true,"images":true,"id":1549}"
string(40) "{"gallery":true,"images":true,"id":1550}"
string(40) "{"gallery":true,"images":true,"id":1551}"
string(40) "{"gallery":true,"images":true,"id":1552}"
string(40) "{"gallery":true,"images":true,"id":1553}"
string(40) "{"gallery":true,"images":true,"id":1554}"
string(40) "{"gallery":true,"images":true,"id":1555}"
string(40) "{"gallery":true,"images":true,"id":1556}"
string(40) "{"gallery":true,"images":true,"id":1557}"
string(40) "{"gallery":true,"images":true,"id":1558}"
string(40) "{"gallery":true,"images":true,"id":1559}"
string(40) "{"gallery":true,"images":true,"id":1560}"
string(40) "{"gallery":true,"images":true,"id":1561}"
string(40) "{"gallery":true,"images":true,"id":1562}"
string(40) "{"gallery":true,"images":true,"id":1563}"
string(40) "{"gallery":true,"images":true,"id":1564}"
string(40) "{"gallery":true,"images":true,"id":1565}"
string(40) "{"gallery":true,"images":true,"id":1566}"
string(40) "{"gallery":true,"images":true,"id":1567}"
string(40) "{"gallery":true,"images":true,"id":1568}"
string(40) "{"gallery":true,"images":true,"id":1569}"
string(40) "{"gallery":true,"images":true,"id":1570}"
string(40) "{"gallery":true,"images":true,"id":1571}"
string(40) "{"gallery":true,"images":true,"id":1572}"
string(40) "{"gallery":true,"images":true,"id":1573}"
string(40) "{"gallery":true,"images":true,"id":1574}"
string(32) ""Uninitialized string offset: 0""
string(40) "{"gallery":true,"images":true,"id":1575}"
string(40) "{"gallery":true,"images":true,"id":1576}"
string(40) "{"gallery":true,"images":true,"id":1577}"
string(40) "{"gallery":true,"images":true,"id":1578}"
string(40) "{"gallery":true,"images":true,"id":1579}"
string(40) "{"gallery":true,"images":true,"id":1580}"
string(40) "{"gallery":true,"images":true,"id":1581}"
string(40) "{"gallery":true,"images":true,"id":1582}"
string(40) "{"gallery":true,"images":true,"id":1583}"
string(40) "{"gallery":true,"images":true,"id":1584}"
string(40) "{"gallery":true,"images":true,"id":1585}"
string(40) "{"gallery":true,"images":true,"id":1586}"
string(40) "{"gallery":true,"images":true,"id":1587}"
string(40) "{"gallery":true,"images":true,"id":1588}"
string(40) "{"gallery":true,"images":true,"id":1589}"
string(40) "{"gallery":true,"images":true,"id":1590}"
string(40) "{"gallery":true,"images":true,"id":1591}"
string(40) "{"gallery":true,"images":true,"id":1592}"
string(40) "{"gallery":true,"images":true,"id":1593}"
string(40) "{"gallery":true,"images":true,"id":1594}"
string(40) "{"gallery":true,"images":true,"id":1595}"
string(40) "{"gallery":true,"images":true,"id":1596}"
string(40) "{"gallery":true,"images":true,"id":1597}"
string(40) "{"gallery":true,"images":true,"id":1598}"
string(40) "{"gallery":true,"images":true,"id":1599}"
string(40) "{"gallery":true,"images":true,"id":1600}"
string(40) "{"gallery":true,"images":true,"id":1601}"
string(40) "{"gallery":true,"images":true,"id":1602}"
string(40) "{"gallery":true,"images":true,"id":1603}"
string(40) "{"gallery":true,"images":true,"id":1604}"
string(40) "{"gallery":true,"images":true,"id":1605}"
string(40) "{"gallery":true,"images":true,"id":1606}"
string(40) "{"gallery":true,"images":true,"id":1607}"
string(40) "{"gallery":true,"images":true,"id":1608}"
string(40) "{"gallery":true,"images":true,"id":1609}"
string(40) "{"gallery":true,"images":true,"id":1610}"
string(40) "{"gallery":true,"images":true,"id":1611}"
string(40) "{"gallery":true,"images":true,"id":1612}"
string(40) "{"gallery":true,"images":true,"id":1613}"
string(40) "{"gallery":true,"images":true,"id":1614}"
string(40) "{"gallery":true,"images":true,"id":1615}"
string(40) "{"gallery":true,"images":true,"id":1616}"
string(40) "{"gallery":true,"images":true,"id":1617}"
string(40) "{"gallery":true,"images":true,"id":1618}"
string(40) "{"gallery":true,"images":true,"id":1619}"
string(40) "{"gallery":true,"images":true,"id":1620}"
string(40) "{"gallery":true,"images":true,"id":1621}"
string(40) "{"gallery":true,"images":true,"id":1622}"
string(40) "{"gallery":true,"images":true,"id":1623}"
string(40) "{"gallery":true,"images":true,"id":1624}"
string(40) "{"gallery":true,"images":true,"id":1625}"
string(40) "{"gallery":true,"images":true,"id":1626}"
string(40) "{"gallery":true,"images":true,"id":1627}"
string(40) "{"gallery":true,"images":true,"id":1628}"
string(40) "{"gallery":true,"images":true,"id":1629}"
string(40) "{"gallery":true,"images":true,"id":1630}"
string(40) "{"gallery":true,"images":true,"id":1631}"
string(40) "{"gallery":true,"images":true,"id":1632}"
string(40) "{"gallery":true,"images":true,"id":1633}"
string(40) "{"gallery":true,"images":true,"id":1634}"
string(40) "{"gallery":true,"images":true,"id":1635}"
string(40) "{"gallery":true,"images":true,"id":1636}"
string(40) "{"gallery":true,"images":true,"id":1637}"
string(40) "{"gallery":true,"images":true,"id":1638}"
string(40) "{"gallery":true,"images":true,"id":1639}"
string(40) "{"gallery":true,"images":true,"id":1640}"
string(25) ""Undefined offset: 24228""
string(25) ""Undefined offset: 24227""
string(40) "{"gallery":true,"images":true,"id":1641}"
string(25) ""Undefined offset: 24225""
string(40) "{"gallery":true,"images":true,"id":1642}"
string(40) "{"gallery":true,"images":true,"id":1643}"
string(40) "{"gallery":true,"images":true,"id":1644}"
string(40) "{"gallery":true,"images":true,"id":1645}"
string(40) "{"gallery":true,"images":true,"id":1646}"
string(40) "{"gallery":true,"images":true,"id":1647}"
string(40) "{"gallery":true,"images":true,"id":1648}"
string(40) "{"gallery":true,"images":true,"id":1649}"
string(40) "{"gallery":true,"images":true,"id":1650}"
string(25) ""Undefined offset: 24215""
string(25) ""Undefined offset: 24214""
string(25) ""Undefined offset: 24213""
string(40) "{"gallery":true,"images":true,"id":1651}"
string(25) ""Undefined offset: 24211""
string(25) ""Undefined offset: 24210""
string(25) ""Undefined offset: 24209""
string(25) ""Undefined offset: 24208""
string(25) ""Undefined offset: 24207""
string(25) ""Undefined offset: 24206""
string(40) "{"gallery":true,"images":true,"id":1652}"
string(25) ""Undefined offset: 24204""
string(40) "{"gallery":true,"images":true,"id":1653}"
string(25) ""Undefined offset: 24202""
string(40) "{"gallery":true,"images":true,"id":1654}"
string(25) ""Undefined offset: 24200""
string(25) ""Undefined offset: 24199""
string(25) ""Undefined offset: 24198""
string(40) "{"gallery":true,"images":true,"id":1655}"
string(25) ""Undefined offset: 24196""
string(25) ""Undefined offset: 24195""
string(25) ""Undefined offset: 24194""
string(25) ""Undefined offset: 24193""
string(40) "{"gallery":true,"images":true,"id":1656}"
string(25) ""Undefined offset: 24191""
string(40) "{"gallery":true,"images":true,"id":1657}"
string(25) ""Undefined offset: 24189""
string(40) "{"gallery":true,"images":true,"id":1658}"
string(40) "{"gallery":true,"images":true,"id":1659}"
string(40) "{"gallery":true,"images":true,"id":1660}"
string(40) "{"gallery":true,"images":true,"id":1661}"
string(40) "{"gallery":true,"images":true,"id":1662}"
string(40) "{"gallery":true,"images":true,"id":1663}"
string(25) ""Undefined offset: 24182""
string(40) "{"gallery":true,"images":true,"id":1664}"
string(40) "{"gallery":true,"images":true,"id":1665}"
string(32) ""Uninitialized string offset: 0""
string(40) "{"gallery":true,"images":true,"id":1666}"
string(40) "{"gallery":true,"images":true,"id":1667}"
string(40) "{"gallery":true,"images":true,"id":1668}"
string(40) "{"gallery":true,"images":true,"id":1669}"
string(40) "{"gallery":true,"images":true,"id":1670}"
string(40) "{"gallery":true,"images":true,"id":1671}"
string(40) "{"gallery":true,"images":true,"id":1672}"
string(40) "{"gallery":true,"images":true,"id":1673}"
string(40) "{"gallery":true,"images":true,"id":1674}"
string(40) "{"gallery":true,"images":true,"id":1675}"
string(40) "{"gallery":true,"images":true,"id":1676}"
string(40) "{"gallery":true,"images":true,"id":1677}"
string(40) "{"gallery":true,"images":true,"id":1678}"
string(40) "{"gallery":true,"images":true,"id":1679}"
string(40) "{"gallery":true,"images":true,"id":1680}"
string(40) "{"gallery":true,"images":true,"id":1681}"
string(40) "{"gallery":true,"images":true,"id":1682}"
string(40) "{"gallery":true,"images":true,"id":1683}"
string(40) "{"gallery":true,"images":true,"id":1684}"
string(40) "{"gallery":true,"images":true,"id":1685}"
string(40) "{"gallery":true,"images":true,"id":1686}"
string(40) "{"gallery":true,"images":true,"id":1687}"
string(40) "{"gallery":true,"images":true,"id":1688}"
string(40) "{"gallery":true,"images":true,"id":1689}"
string(40) "{"gallery":true,"images":true,"id":1690}"
string(40) "{"gallery":true,"images":true,"id":1691}"
string(40) "{"gallery":true,"images":true,"id":1692}"
string(40) "{"gallery":true,"images":true,"id":1693}"
string(40) "{"gallery":true,"images":true,"id":1694}"
string(40) "{"gallery":true,"images":true,"id":1695}"
string(40) "{"gallery":true,"images":true,"id":1696}"
string(40) "{"gallery":true,"images":true,"id":1697}"
string(40) "{"gallery":true,"images":true,"id":1698}"
string(40) "{"gallery":true,"images":true,"id":1699}"
string(40) "{"gallery":true,"images":true,"id":1700}"
string(40) "{"gallery":true,"images":true,"id":1701}"
string(40) "{"gallery":true,"images":true,"id":1702}"
string(40) "{"gallery":true,"images":true,"id":1703}"
string(40) "{"gallery":true,"images":true,"id":1704}"
string(40) "{"gallery":true,"images":true,"id":1705}"
string(40) "{"gallery":true,"images":true,"id":1706}"
string(40) "{"gallery":true,"images":true,"id":1707}"
string(40) "{"gallery":true,"images":true,"id":1708}"
string(40) "{"gallery":true,"images":true,"id":1709}"
string(40) "{"gallery":true,"images":true,"id":1710}"
string(40) "{"gallery":true,"images":true,"id":1711}"
string(40) "{"gallery":true,"images":true,"id":1712}"
string(40) "{"gallery":true,"images":true,"id":1713}"
string(40) "{"gallery":true,"images":true,"id":1714}"
string(40) "{"gallery":true,"images":true,"id":1715}"
string(25) ""Undefined offset: 24128""
string(25) ""Undefined offset: 24127""
string(25) ""Undefined offset: 24126""
string(25) ""Undefined offset: 24125""
string(40) "{"gallery":true,"images":true,"id":1716}"
string(25) ""Undefined offset: 24123""
string(25) ""Undefined offset: 24122""
string(40) "{"gallery":true,"images":true,"id":1717}"
string(40) "{"gallery":true,"images":true,"id":1718}"
string(40) "{"gallery":true,"images":true,"id":1719}"
string(40) "{"gallery":true,"images":true,"id":1720}"
string(40) "{"gallery":true,"images":true,"id":1721}"
string(40) "{"gallery":true,"images":true,"id":1722}"
string(40) "{"gallery":true,"images":true,"id":1723}"
string(40) "{"gallery":true,"images":true,"id":1724}"
string(40) "{"gallery":true,"images":true,"id":1725}"
string(40) "{"gallery":true,"images":true,"id":1726}"
string(40) "{"gallery":true,"images":true,"id":1727}"
string(40) "{"gallery":true,"images":true,"id":1728}"
string(40) "{"gallery":true,"images":true,"id":1729}"
string(40) "{"gallery":true,"images":true,"id":1730}"
string(40) "{"gallery":true,"images":true,"id":1731}"
string(40) "{"gallery":true,"images":true,"id":1732}"
string(40) "{"gallery":true,"images":true,"id":1733}"
string(40) "{"gallery":true,"images":true,"id":1734}"
string(25) ""Undefined offset: 24103""
string(40) "{"gallery":true,"images":true,"id":1735}"
string(25) ""Undefined offset: 24101""
string(25) ""Undefined offset: 24100""
string(25) ""Undefined offset: 24099""
string(25) ""Undefined offset: 24098""
string(25) ""Undefined offset: 24097""
string(40) "{"gallery":true,"images":true,"id":1736}"
string(40) "{"gallery":true,"images":true,"id":1737}"
string(40) "{"gallery":true,"images":true,"id":1738}"
string(40) "{"gallery":true,"images":true,"id":1739}"
string(40) "{"gallery":true,"images":true,"id":1740}"
string(40) "{"gallery":true,"images":true,"id":1741}"
string(40) "{"gallery":true,"images":true,"id":1742}"
string(40) "{"gallery":true,"images":true,"id":1743}"
string(25) ""Undefined offset: 24088""
string(25) ""Undefined offset: 24087""
string(40) "{"gallery":true,"images":true,"id":1744}"
string(25) ""Undefined offset: 24085""
string(25) ""Undefined offset: 24084""
string(25) ""Undefined offset: 24083""
string(25) ""Undefined offset: 24082""
string(40) "{"gallery":true,"images":true,"id":1745}"
string(25) ""Undefined offset: 24080""
string(40) "{"gallery":true,"images":true,"id":1746}"
string(25) ""Undefined offset: 24078""
string(25) ""Undefined offset: 24077""
string(40) "{"gallery":true,"images":true,"id":1747}"
string(25) ""Undefined offset: 24075""
string(25) ""Undefined offset: 24074""
string(40) "{"gallery":true,"images":true,"id":1748}"
string(40) "{"gallery":true,"images":true,"id":1749}"
string(40) "{"gallery":true,"images":true,"id":1750}"
string(40) "{"gallery":true,"images":true,"id":1751}"
string(40) "{"gallery":true,"images":true,"id":1752}"
string(40) "{"gallery":true,"images":true,"id":1753}"
string(40) "{"gallery":true,"images":true,"id":1754}"
string(40) "{"gallery":true,"images":true,"id":1755}"
string(40) "{"gallery":true,"images":true,"id":1756}"
string(25) ""Undefined offset: 24064""
string(25) ""Undefined offset: 24063""
string(25) ""Undefined offset: 24062""
string(25) ""Undefined offset: 24061""
string(25) ""Undefined offset: 24060""
string(40) "{"gallery":true,"images":true,"id":1757}"
string(25) ""Undefined offset: 24058""
string(25) ""Undefined offset: 24057""
string(25) ""Undefined offset: 24056""
string(25) ""Undefined offset: 24055""
string(25) ""Undefined offset: 24054""
string(40) "{"gallery":true,"images":true,"id":1758}"
string(25) ""Undefined offset: 24052""
string(40) "{"gallery":true,"images":true,"id":1759}"
string(40) "{"gallery":true,"images":true,"id":1760}"
string(40) "{"gallery":true,"images":true,"id":1761}"
string(40) "{"gallery":true,"images":true,"id":1762}"
string(40) "{"gallery":true,"images":true,"id":1763}"
string(40) "{"gallery":true,"images":true,"id":1764}"
string(40) "{"gallery":true,"images":true,"id":1765}"
string(40) "{"gallery":true,"images":true,"id":1766}"
string(40) "{"gallery":true,"images":true,"id":1767}"
string(40) "{"gallery":true,"images":true,"id":1768}"
string(40) "{"gallery":true,"images":true,"id":1769}"
string(40) "{"gallery":true,"images":true,"id":1770}"
string(32) ""Uninitialized string offset: 0""
string(32) ""Uninitialized string offset: 0""
string(25) ""Undefined offset: 24037""
string(40) "{"gallery":true,"images":true,"id":1771}"
string(25) ""Undefined offset: 24035""
string(40) "{"gallery":true,"images":true,"id":1772}"
string(25) ""Undefined offset: 24033""
string(40) "{"gallery":true,"images":true,"id":1773}"
string(25) ""Undefined offset: 24031""
string(25) ""Undefined offset: 24030""
string(40) "{"gallery":true,"images":true,"id":1774}"
string(25) ""Undefined offset: 24028""
string(25) ""Undefined offset: 24027""
string(40) "{"gallery":true,"images":true,"id":1775}"
string(40) "{"gallery":true,"images":true,"id":1776}"
string(40) "{"gallery":true,"images":true,"id":1777}"
string(40) "{"gallery":true,"images":true,"id":1778}"
string(40) "{"gallery":true,"images":true,"id":1779}"
string(40) "{"gallery":true,"images":true,"id":1780}"
string(40) "{"gallery":true,"images":true,"id":1781}"
string(40) "{"gallery":true,"images":true,"id":1782}"
string(40) "{"gallery":true,"images":true,"id":1783}"
string(40) "{"gallery":true,"images":true,"id":1784}"
string(40) "{"gallery":true,"images":true,"id":1785}"
string(40) "{"gallery":true,"images":true,"id":1786}"
string(40) "{"gallery":true,"images":true,"id":1787}"
string(40) "{"gallery":true,"images":true,"id":1788}"
string(40) "{"gallery":true,"images":true,"id":1789}"
string(40) "{"gallery":true,"images":true,"id":1790}"
string(40) "{"gallery":true,"images":true,"id":1791}"
string(40) "{"gallery":true,"images":true,"id":1792}"
string(40) "{"gallery":true,"images":true,"id":1793}"
string(40) "{"gallery":true,"images":true,"id":1794}"
string(40) "{"gallery":true,"images":true,"id":1795}"
string(40) "{"gallery":true,"images":true,"id":1796}"
string(40) "{"gallery":true,"images":true,"id":1797}"
string(40) "{"gallery":true,"images":true,"id":1798}"
string(25) ""Undefined offset: 24002""
string(25) ""Undefined offset: 24001""
string(25) ""Undefined offset: 24000""
string(25) ""Undefined offset: 23999""
string(25) ""Undefined offset: 23998""
string(25) ""Undefined offset: 23997""
string(40) "{"gallery":true,"images":true,"id":1799}"
string(40) "{"gallery":true,"images":true,"id":1800}"
string(40) "{"gallery":true,"images":true,"id":1801}"
string(25) ""Undefined offset: 23993""
string(40) "{"gallery":true,"images":true,"id":1802}"
string(25) ""Undefined offset: 23991""
string(25) ""Undefined offset: 23990""
string(40) "{"gallery":true,"images":true,"id":1803}"
string(25) ""Undefined offset: 23988""
string(25) ""Undefined offset: 23987""
string(40) "{"gallery":true,"images":true,"id":1804}"
string(25) ""Undefined offset: 23985""
string(25) ""Undefined offset: 23984""
string(25) ""Undefined offset: 23983""
string(25) ""Undefined offset: 23982""
string(25) ""Undefined offset: 23981""
string(40) "{"gallery":true,"images":true,"id":1805}"
string(25) ""Undefined offset: 23979""
string(25) ""Undefined offset: 23978""
string(40) "{"gallery":true,"images":true,"id":1806}"
string(40) "{"gallery":true,"images":true,"id":1807}"
string(25) ""Undefined offset: 23975""
string(25) ""Undefined offset: 23974""
string(40) "{"gallery":true,"images":true,"id":1808}"
string(40) "{"gallery":true,"images":true,"id":1809}"
string(40) "{"gallery":true,"images":true,"id":1810}"
string(40) "{"gallery":true,"images":true,"id":1811}"
string(40) "{"gallery":true,"images":true,"id":1812}"
string(40) "{"gallery":true,"images":true,"id":1813}"
string(40) "{"gallery":true,"images":true,"id":1814}"
string(40) "{"gallery":true,"images":true,"id":1815}"
string(40) "{"gallery":true,"images":true,"id":1816}"
string(40) "{"gallery":true,"images":true,"id":1817}"
string(40) "{"gallery":true,"images":true,"id":1818}"
string(32) ""Uninitialized string offset: 0""
string(40) "{"gallery":true,"images":true,"id":1819}"
string(40) "{"gallery":true,"images":true,"id":1820}"
string(40) "{"gallery":true,"images":true,"id":1821}"
string(40) "{"gallery":true,"images":true,"id":1822}"
string(40) "{"gallery":true,"images":true,"id":1823}"
string(40) "{"gallery":true,"images":true,"id":1824}"
string(40) "{"gallery":true,"images":true,"id":1825}"
string(40) "{"gallery":true,"images":true,"id":1826}"
string(40) "{"gallery":true,"images":true,"id":1827}"
string(40) "{"gallery":true,"images":true,"id":1828}"
string(40) "{"gallery":true,"images":true,"id":1829}"
string(40) "{"gallery":true,"images":true,"id":1830}"
string(40) "{"gallery":true,"images":true,"id":1831}"
string(40) "{"gallery":true,"images":true,"id":1832}"
string(25) ""Undefined offset: 23947""
string(25) ""Undefined offset: 23946""
string(40) "{"gallery":true,"images":true,"id":1833}"
string(40) "{"gallery":true,"images":true,"id":1834}"
string(40) "{"gallery":true,"images":true,"id":1835}"
string(40) "{"gallery":true,"images":true,"id":1836}"
string(40) "{"gallery":true,"images":true,"id":1837}"
string(25) ""Undefined offset: 23940""
string(40) "{"gallery":true,"images":true,"id":1838}"
string(25) ""Undefined offset: 23938""
string(25) ""Undefined offset: 23937""
string(25) ""Undefined offset: 23936""
string(25) ""Undefined offset: 23935""
string(25) ""Undefined offset: 23934""
string(25) ""Undefined offset: 23933""
string(40) "{"gallery":true,"images":true,"id":1839}"
string(25) ""Undefined offset: 23931""
string(40) "{"gallery":true,"images":true,"id":1840}"
string(25) ""Undefined offset: 23929""
string(40) "{"gallery":true,"images":true,"id":1841}"
string(25) ""Undefined offset: 23927""
string(40) "{"gallery":true,"images":true,"id":1842}"
string(25) ""Undefined offset: 23925""
string(40) "{"gallery":true,"images":true,"id":1843}"
string(25) ""Undefined offset: 23923""
string(40) "{"gallery":true,"images":true,"id":1844}"
string(40) "{"gallery":true,"images":true,"id":1845}"
string(25) ""Undefined offset: 23920""
string(40) "{"gallery":true,"images":true,"id":1846}"
string(40) "{"gallery":true,"images":true,"id":1847}"
string(40) "{"gallery":true,"images":true,"id":1848}"
string(40) "{"gallery":true,"images":true,"id":1849}"
string(40) "{"gallery":true,"images":true,"id":1850}"
string(40) "{"gallery":true,"images":true,"id":1851}"
string(40) "{"gallery":true,"images":true,"id":1852}"
string(40) "{"gallery":true,"images":true,"id":1853}"
string(40) "{"gallery":true,"images":true,"id":1854}"
string(40) "{"gallery":true,"images":true,"id":1855}"
string(40) "{"gallery":true,"images":true,"id":1856}"
string(40) "{"gallery":true,"images":true,"id":1857}"
string(40) "{"gallery":true,"images":true,"id":1858}"
string(40) "{"gallery":true,"images":true,"id":1859}"
string(40) "{"gallery":true,"images":true,"id":1860}"
string(40) "{"gallery":true,"images":true,"id":1861}"
string(40) "{"gallery":true,"images":true,"id":1862}"
string(40) "{"gallery":true,"images":true,"id":1863}"
string(40) "{"gallery":true,"images":true,"id":1864}"
string(40) "{"gallery":true,"images":true,"id":1865}"
string(40) "{"gallery":true,"images":true,"id":1866}"
string(40) "{"gallery":true,"images":true,"id":1867}"
string(40) "{"gallery":true,"images":true,"id":1868}"
string(40) "{"gallery":true,"images":true,"id":1869}"
string(40) "{"gallery":true,"images":true,"id":1870}"
string(40) "{"gallery":true,"images":true,"id":1871}"
string(40) "{"gallery":true,"images":true,"id":1872}"
string(40) "{"gallery":true,"images":true,"id":1873}"
string(40) "{"gallery":true,"images":true,"id":1874}"
string(40) "{"gallery":true,"images":true,"id":1875}"
string(25) ""Undefined offset: 23889""
string(25) ""Undefined offset: 23888""
string(25) ""Undefined offset: 23887""
string(25) ""Undefined offset: 23886""
string(40) "{"gallery":true,"images":true,"id":1876}"
string(40) "{"gallery":true,"images":true,"id":1877}"
string(40) "{"gallery":true,"images":true,"id":1878}"
string(40) "{"gallery":true,"images":true,"id":1879}"
string(40) "{"gallery":true,"images":true,"id":1880}"
string(40) "{"gallery":true,"images":true,"id":1881}"
string(40) "{"gallery":true,"images":true,"id":1882}"
string(40) "{"gallery":true,"images":true,"id":1883}"
string(40) "{"gallery":true,"images":true,"id":1884}"
string(40) "{"gallery":true,"images":true,"id":1885}"
string(40) "{"gallery":true,"images":true,"id":1886}"
string(40) "{"gallery":true,"images":true,"id":1887}"
string(40) "{"gallery":true,"images":true,"id":1888}"
string(40) "{"gallery":true,"images":true,"id":1889}"
string(40) "{"gallery":true,"images":true,"id":1890}"
string(40) "{"gallery":true,"images":true,"id":1891}"
string(40) "{"gallery":true,"images":true,"id":1892}"
string(25) ""Undefined offset: 23868""
string(40) "{"gallery":true,"images":true,"id":1893}"
string(25) ""Undefined offset: 23866""
string(40) "{"gallery":true,"images":true,"id":1894}"
string(40) "{"gallery":true,"images":true,"id":1895}"
string(40) "{"gallery":true,"images":true,"id":1896}"
string(40) "{"gallery":true,"images":true,"id":1897}"
string(40) "{"gallery":true,"images":true,"id":1898}"
string(40) "{"gallery":true,"images":true,"id":1899}"
string(40) "{"gallery":true,"images":true,"id":1900}"
string(40) "{"gallery":true,"images":true,"id":1901}"
string(40) "{"gallery":true,"images":true,"id":1902}"
string(40) "{"gallery":true,"images":true,"id":1903}"
string(40) "{"gallery":true,"images":true,"id":1904}"
string(40) "{"gallery":true,"images":true,"id":1905}"
string(40) "{"gallery":true,"images":true,"id":1906}"
string(40) "{"gallery":true,"images":true,"id":1907}"
string(40) "{"gallery":true,"images":true,"id":1908}"
string(40) "{"gallery":true,"images":true,"id":1909}"
string(40) "{"gallery":true,"images":true,"id":1910}"
string(40) "{"gallery":true,"images":true,"id":1911}"
string(40) "{"gallery":true,"images":true,"id":1912}"
string(40) "{"gallery":true,"images":true,"id":1913}"
string(40) "{"gallery":true,"images":true,"id":1914}"
string(40) "{"gallery":true,"images":true,"id":1915}"
string(40) "{"gallery":true,"images":true,"id":1916}"
string(40) "{"gallery":true,"images":true,"id":1917}"
string(40) "{"gallery":true,"images":true,"id":1918}"
string(40) "{"gallery":true,"images":true,"id":1919}"
string(40) "{"gallery":true,"images":true,"id":1920}"
string(40) "{"gallery":true,"images":true,"id":1921}"
string(40) "{"gallery":true,"images":true,"id":1922}"
string(40) "{"gallery":true,"images":true,"id":1923}"
string(40) "{"gallery":true,"images":true,"id":1924}"
string(40) "{"gallery":true,"images":true,"id":1925}"
string(40) "{"gallery":true,"images":true,"id":1926}"
string(40) "{"gallery":true,"images":true,"id":1927}"
string(40) "{"gallery":true,"images":true,"id":1928}"
string(40) "{"gallery":true,"images":true,"id":1929}"
string(25) ""Undefined offset: 23829""
string(25) ""Undefined offset: 23828""
string(40) "{"gallery":true,"images":true,"id":1930}"
string(25) ""Undefined offset: 23826""
string(40) "{"gallery":true,"images":true,"id":1931}"
string(40) "{"gallery":true,"images":true,"id":1932}"
string(40) "{"gallery":true,"images":true,"id":1933}"
string(25) ""Undefined offset: 23822""
string(40) "{"gallery":true,"images":true,"id":1934}"
string(40) "{"gallery":true,"images":true,"id":1935}"
string(25) ""Undefined offset: 23819""
string(40) "{"gallery":true,"images":true,"id":1936}"
string(40) "{"gallery":true,"images":true,"id":1937}"
string(25) ""Undefined offset: 23816""
string(25) ""Undefined offset: 23815""
string(25) ""Undefined offset: 23814""
string(40) "{"gallery":true,"images":true,"id":1938}"
string(25) ""Undefined offset: 23812""
string(25) ""Undefined offset: 23811""
string(25) ""Undefined offset: 23810""
string(25) ""Undefined offset: 23809""
string(25) ""Undefined offset: 23808""
string(25) ""Undefined offset: 23807""
string(40) "{"gallery":true,"images":true,"id":1939}"
string(25) ""Undefined offset: 23805""
string(40) "{"gallery":true,"images":true,"id":1940}"
string(25) ""Undefined offset: 23803""
string(25) ""Undefined offset: 23802""
string(25) ""Undefined offset: 23801""
string(25) ""Undefined offset: 23800""
string(40) "{"gallery":true,"images":true,"id":1941}"
string(40) "{"gallery":true,"images":true,"id":1942}"
string(40) "{"gallery":true,"images":true,"id":1943}"
string(40) "{"gallery":true,"images":true,"id":1944}"
string(40) "{"gallery":true,"images":true,"id":1945}"
string(40) "{"gallery":true,"images":true,"id":1946}"
string(25) ""Undefined offset: 23793""
string(25) ""Undefined offset: 23792""
string(40) "{"gallery":true,"images":true,"id":1947}"
string(40) "{"gallery":true,"images":true,"id":1948}"
string(40) "{"gallery":true,"images":true,"id":1949}"
string(40) "{"gallery":true,"images":true,"id":1950}"
string(40) "{"gallery":true,"images":true,"id":1951}"
string(40) "{"gallery":true,"images":true,"id":1952}"
string(40) "{"gallery":true,"images":true,"id":1953}"
string(40) "{"gallery":true,"images":true,"id":1954}"
string(40) "{"gallery":true,"images":true,"id":1955}"
string(40) "{"gallery":true,"images":true,"id":1956}"
string(40) "{"gallery":true,"images":true,"id":1957}"
string(40) "{"gallery":true,"images":true,"id":1958}"
string(40) "{"gallery":true,"images":true,"id":1959}"
string(40) "{"gallery":true,"images":true,"id":1960}"
string(40) "{"gallery":true,"images":true,"id":1961}"
string(25) ""Undefined offset: 23776""
string(32) ""Uninitialized string offset: 0""
string(40) "{"gallery":true,"images":true,"id":1962}"
string(40) "{"gallery":true,"images":true,"id":1963}"
string(25) ""Undefined offset: 23772""
string(40) "{"gallery":true,"images":true,"id":1964}"
string(40) "{"gallery":true,"images":true,"id":1965}"
string(40) "{"gallery":true,"images":true,"id":1966}"
string(40) "{"gallery":true,"images":true,"id":1967}"
string(40) "{"gallery":true,"images":true,"id":1968}"
string(40) "{"gallery":true,"images":true,"id":1969}"
string(40) "{"gallery":true,"images":true,"id":1970}"
string(40) "{"gallery":true,"images":true,"id":1971}"
string(40) "{"gallery":true,"images":true,"id":1972}"
string(40) "{"gallery":true,"images":true,"id":1973}"
string(40) "{"gallery":true,"images":true,"id":1974}"
string(40) "{"gallery":true,"images":true,"id":1975}"
string(40) "{"gallery":true,"images":true,"id":1976}"
string(40) "{"gallery":true,"images":true,"id":1977}"
string(40) "{"gallery":true,"images":true,"id":1978}"
string(40) "{"gallery":true,"images":true,"id":1979}"
string(40) "{"gallery":true,"images":true,"id":1980}"
string(40) "{"gallery":true,"images":true,"id":1981}"
string(40) "{"gallery":true,"images":true,"id":1982}"
string(25) ""Undefined offset: 23752""
string(40) "{"gallery":true,"images":true,"id":1983}"
string(40) "{"gallery":true,"images":true,"id":1984}"
string(40) "{"gallery":true,"images":true,"id":1985}"
string(40) "{"gallery":true,"images":true,"id":1986}"
string(40) "{"gallery":true,"images":true,"id":1987}"
string(40) "{"gallery":true,"images":true,"id":1988}"
string(40) "{"gallery":true,"images":true,"id":1989}"
string(40) "{"gallery":true,"images":true,"id":1990}"
string(40) "{"gallery":true,"images":true,"id":1991}"
string(40) "{"gallery":true,"images":true,"id":1992}"
string(25) ""Undefined offset: 23741""
string(40) "{"gallery":true,"images":true,"id":1993}"
string(40) "{"gallery":true,"images":true,"id":1994}"
string(40) "{"gallery":true,"images":true,"id":1995}"
string(40) "{"gallery":true,"images":true,"id":1996}"
string(40) "{"gallery":true,"images":true,"id":1997}"
string(40) "{"gallery":true,"images":true,"id":1998}"
string(40) "{"gallery":true,"images":true,"id":1999}"
string(40) "{"gallery":true,"images":true,"id":2000}"
string(40) "{"gallery":true,"images":true,"id":2001}"
string(40) "{"gallery":true,"images":true,"id":2002}"
string(40) "{"gallery":true,"images":true,"id":2003}"
string(40) "{"gallery":true,"images":true,"id":2004}"
string(25) ""Undefined offset: 23728""
string(25) ""Undefined offset: 23727""
string(40) "{"gallery":true,"images":true,"id":2005}"
string(40) "{"gallery":true,"images":true,"id":2006}"
string(40) "{"gallery":true,"images":true,"id":2007}"
string(40) "{"gallery":true,"images":true,"id":2008}"
string(40) "{"gallery":true,"images":true,"id":2009}"
string(40) "{"gallery":true,"images":true,"id":2010}"
string(40) "{"gallery":true,"images":true,"id":2011}"
string(40) "{"gallery":true,"images":true,"id":2012}"
string(25) ""Undefined offset: 23718""
string(40) "{"gallery":true,"images":true,"id":2013}"
string(40) "{"gallery":true,"images":true,"id":2014}"
string(25) ""Undefined offset: 23715""
string(40) "{"gallery":true,"images":true,"id":2015}"
string(40) "{"gallery":true,"images":true,"id":2016}"
string(40) "{"gallery":true,"images":true,"id":2017}"
string(25) ""Undefined offset: 23711""
string(40) "{"gallery":true,"images":true,"id":2018}"
string(40) "{"gallery":true,"images":true,"id":2019}"
string(40) "{"gallery":true,"images":true,"id":2020}"
string(25) ""Undefined offset: 23707""
string(25) ""Undefined offset: 23706""
string(25) ""Undefined offset: 23705""
string(25) ""Undefined offset: 23704""
string(40) "{"gallery":true,"images":true,"id":2021}"
string(40) "{"gallery":true,"images":true,"id":2022}"
string(40) "{"gallery":true,"images":true,"id":2023}"
string(40) "{"gallery":true,"images":true,"id":2024}"
string(40) "{"gallery":true,"images":true,"id":2025}"
string(40) "{"gallery":true,"images":true,"id":2026}"
string(25) ""Undefined offset: 23697""
string(40) "{"gallery":true,"images":true,"id":2027}"
string(25) ""Undefined offset: 23695""
string(40) "{"gallery":true,"images":true,"id":2028}"
string(25) ""Undefined offset: 23693""
string(25) ""Undefined offset: 23692""
string(25) ""Undefined offset: 23691""
string(25) ""Undefined offset: 23690""
string(40) "{"gallery":true,"images":true,"id":2029}"
string(25) ""Undefined offset: 23688""
string(40) "{"gallery":true,"images":true,"id":2030}"
string(25) ""Undefined offset: 23686""
string(40) "{"gallery":true,"images":true,"id":2031}"
string(40) "{"gallery":true,"images":true,"id":2032}"
string(40) "{"gallery":true,"images":true,"id":2033}"
string(25) ""Undefined offset: 23682""
string(25) ""Undefined offset: 23681""
string(40) "{"gallery":true,"images":true,"id":2034}"
string(40) "{"gallery":true,"images":true,"id":2035}"
string(40) "{"gallery":true,"images":true,"id":2036}"
string(25) ""Undefined offset: 23677""
string(25) ""Undefined offset: 23676""
string(40) "{"gallery":true,"images":true,"id":2037}"
string(40) "{"gallery":true,"images":true,"id":2038}"
string(40) "{"gallery":true,"images":true,"id":2039}"
string(40) "{"gallery":true,"images":true,"id":2040}"
string(25) ""Undefined offset: 23671""
string(25) ""Undefined offset: 23670""
string(25) ""Undefined offset: 23669""
string(25) ""Undefined offset: 23668""
string(40) "{"gallery":true,"images":true,"id":2041}"
string(40) "{"gallery":true,"images":true,"id":2042}"
string(40) "{"gallery":true,"images":true,"id":2043}"
string(40) "{"gallery":true,"images":true,"id":2044}"
string(40) "{"gallery":true,"images":true,"id":2045}"
string(25) ""Undefined offset: 23662""
string(40) "{"gallery":true,"images":true,"id":2046}"
string(40) "{"gallery":true,"images":true,"id":2047}"
string(40) "{"gallery":true,"images":true,"id":2048}"
string(40) "{"gallery":true,"images":true,"id":2049}"
string(40) "{"gallery":true,"images":true,"id":2050}"
string(40) "{"gallery":true,"images":true,"id":2051}"
string(40) "{"gallery":true,"images":true,"id":2052}"
string(40) "{"gallery":true,"images":true,"id":2053}"
string(40) "{"gallery":true,"images":true,"id":2054}"
string(40) "{"gallery":true,"images":true,"id":2055}"
string(40) "{"gallery":true,"images":true,"id":2056}"
string(40) "{"gallery":true,"images":true,"id":2057}"
string(40) "{"gallery":true,"images":true,"id":2058}"
string(40) "{"gallery":true,"images":true,"id":2059}"
string(40) "{"gallery":true,"images":true,"id":2060}"
string(40) "{"gallery":true,"images":true,"id":2061}"
string(40) "{"gallery":true,"images":true,"id":2062}"
string(40) "{"gallery":true,"images":true,"id":2063}"
string(40) "{"gallery":true,"images":true,"id":2064}"
string(40) "{"gallery":true,"images":true,"id":2065}"
string(40) "{"gallery":true,"images":true,"id":2066}"
string(40) "{"gallery":true,"images":true,"id":2067}"
string(40) "{"gallery":true,"images":true,"id":2068}"
string(40) "{"gallery":true,"images":true,"id":2069}"
string(40) "{"gallery":true,"images":true,"id":2070}"
string(40) "{"gallery":true,"images":true,"id":2071}"
string(25) ""Undefined offset: 23635""
string(25) ""Undefined offset: 23634""
string(25) ""Undefined offset: 23633""
string(25) ""Undefined offset: 23632""
string(40) "{"gallery":true,"images":true,"id":2072}"
string(40) "{"gallery":true,"images":true,"id":2073}"
string(40) "{"gallery":true,"images":true,"id":2074}"
string(25) ""Undefined offset: 23628""
string(40) "{"gallery":true,"images":true,"id":2075}"
string(40) "{"gallery":true,"images":true,"id":2076}"
string(40) "{"gallery":true,"images":true,"id":2077}"
string(25) ""Undefined offset: 23624""
string(25) ""Undefined offset: 23623""
string(25) ""Undefined offset: 23622""
string(25) ""Undefined offset: 23621""
string(25) ""Undefined offset: 23620""
string(40) "{"gallery":true,"images":true,"id":2078}"
string(25) ""Undefined offset: 23618""
string(40) "{"gallery":true,"images":true,"id":2079}"
string(40) "{"gallery":true,"images":true,"id":2080}"
string(25) ""Undefined offset: 23615""
string(40) "{"gallery":true,"images":true,"id":2081}"
string(25) ""Undefined offset: 23613""
string(25) ""Undefined offset: 23612""
string(25) ""Undefined offset: 23611""
string(40) "{"gallery":true,"images":true,"id":2082}"
string(40) "{"gallery":true,"images":true,"id":2083}"
string(40) "{"gallery":true,"images":true,"id":2084}"
string(40) "{"gallery":true,"images":true,"id":2085}"
string(40) "{"gallery":true,"images":true,"id":2086}"
string(40) "{"gallery":true,"images":true,"id":2087}"
string(25) ""Undefined offset: 23604""
string(40) "{"gallery":true,"images":true,"id":2088}"
string(25) ""Undefined offset: 23602""
string(40) "{"gallery":true,"images":true,"id":2089}"
string(40) "{"gallery":true,"images":true,"id":2090}"
string(25) ""Undefined offset: 23599""
string(25) ""Undefined offset: 23598""
string(40) "{"gallery":true,"images":true,"id":2091}"
string(25) ""Undefined offset: 23596""
string(25) ""Undefined offset: 23595""
string(25) ""Undefined offset: 23594""
string(40) "{"gallery":true,"images":true,"id":2092}"
string(40) "{"gallery":true,"images":true,"id":2093}"
string(25) ""Undefined offset: 23591""
string(25) ""Undefined offset: 23590""
string(40) "{"gallery":true,"images":true,"id":2094}"
string(25) ""Undefined offset: 23588""
string(25) ""Undefined offset: 23587""
string(40) "{"gallery":true,"images":true,"id":2095}"
string(25) ""Undefined offset: 23585""
string(25) ""Undefined offset: 23584""
string(40) "{"gallery":true,"images":true,"id":2096}"
string(25) ""Undefined offset: 23582""
string(25) ""Undefined offset: 23581""
string(40) "{"gallery":true,"images":true,"id":2097}"
string(25) ""Undefined offset: 23579""
string(40) "{"gallery":true,"images":true,"id":2098}"
string(40) "{"gallery":true,"images":true,"id":2099}"
string(40) "{"gallery":true,"images":true,"id":2100}"
string(25) ""Undefined offset: 23575""
string(40) "{"gallery":true,"images":true,"id":2101}"
string(25) ""Undefined offset: 23573""
string(40) "{"gallery":true,"images":true,"id":2102}"
string(25) ""Undefined offset: 23571""
string(25) ""Undefined offset: 23570""
string(40) "{"gallery":true,"images":true,"id":2103}"
string(25) ""Undefined offset: 23568""
string(40) "{"gallery":true,"images":true,"id":2104}"
Total Images : 2264
created galleriescreating video galleriescreated video galleries